si: simSetDef().... simHost is initialized to "localhost" .
si: simSetDef().... simLoginName is initialized to "tle14" .
si: simSetDef().... simHostDiffers is initialized to "nil".
si: simSetDef().... simInteractiveSimulatorList is initialized to ("verilog") .
si: simSetDef().... simPostAnalysisProcessingFunc is initialized to "nil".
si: simSetDef().... simNotifyKillActionFunc is initialized to "nil".
si: simSetDef().... simDoNotDisplayDialogBox is initialized to "nil".
si: simSetDef().... simNetlistFileName is initialized to "netlist" .
si: simSetDef().... simUserDefineDefaultRunDirFunc is initialized to "nil".
si: simSetDef().... simNlpGlobalLibName is initialized to "basic" .
si: simSetDef().... simNlpGlobalCellName is initialized to "nlpglobals" .
si: simSetDef().... simCommand is already set to prog((status) if((simHost ==
"localhost") (status = vlogifRunLocalBatch()) (status = vlogifRunRemoteBatch()))
return(status)). Redefinition to "" is ignored.
si: simSetDef().... simSedFile is already set to
"/usr/ece/cadence.Linux/ICADVM201_20.10.280/tools.lnx86/dfII/etc/si/sed.ver".
Redefinition to "" is ignored.
si: simSetDef().... simDefaultSimulator is initialized to "nil".
si: simSetDef().... simDefaultRunDir is already set to
"/home/seas/ugrad/tle14/ece468". Redefinition to nil is ignored.
si: simSetDef().... simSymbolModifiedAction is initialized to "warning" .
si: simSetDef().... simOtherInfo is initialized to "nil".
si: simSetDef().... simIsFlattenP is initialized to "nil".
si: simSetDef().... simStlInputFile is initialized to "input.stl" .
si: simSetDef().... simDiffInputFile is initialized to "simdiff.stl" .
si: simSetDef().... simNoSimdiff is initialized to "nil".
si: simSetDef().... simDefaultControl is initialized to "nil".
si: simSetDef().... simControlFile is initialized to "nil".
si: simSetDef().... simTimeUnit is initialized to 1e-09 .
si: simSetDef().... simCapUnit is initialized to 1e-15 .
si: simSetDef().... simDoNetlist is initialized to t .
si: simSetDef().... simNetlistHier is already set to t. Redefinition to nil is
ignored.
si: simSetDef().... simGlobalPrefix is initialized to "nil".
si: simSetDef().... simHierarchyPrefix is already set to "test.top".
Redefinition to nil is ignored.
si: simSetDef().... simNoLeadingHierarchyDelim is initialized to "nil".
si: simSetDef().... simPrefixHierarchyWithCV is initialized to "nil".
si: simSetDef().... simNetNamePrefix is initialized to "nil".
si: simSetDef().... simInstNamePrefix is initialized to "nil".
si: simSetDef().... simModelNamePrefix is initialized to "nil".
si: simSetDef().... simTermNamePrefix is initialized to "nil".
si: simSetDef().... simCheckTermMismatchAction is initialized to "error" .
si: simSetDef().... simLoadNetlister is initialized to t .
si: simSetDef().... simCleanFileList is initialized to "nil".
si: simSetDef().... simSimulatorSaveVars is initialized to "nil".
si: simSetDef().... simApplicationOptionsForm is initialized to "nil".
si: simSetDef().... simSimulatorSaveFiles is initialized to "nil".
si: simSetDef().... simDontCopyFileNetlistToRemoteRunDir is already set to t.
Redefinition to nil is ignored.
si: simSetDef().... simRsh is initialized to "nil".
si: simSetDef().... simNotIncremental is already set to t. Redefinition to nil
is ignored.
si: simSetDef().... simReNetlistAll is initialized to "nil".
si: simSetDef().... simUnbindVars is initialized to (interactiveTAP
SilosTimeScale simActions simApplicationOptionsForm simCapFileDir simCapUnit
simCellName simCheckTermMismatchAction simCleanFileList simControlFile
simDefaultControl simDefaultSimulator simDiffInputFile simDoNetlist
simDoNotDisplayDialogBox simDoPostLayout simExceptionTerms simFlattenSchType
simHierarchyPrefix simNoLeadingHierarchyDelim simPrefixHierarchyWithCV
simGlobalPrefix simHost simHostDiffers simInitRunActions simInstNamePrefix
simInstStopListTable simInstViewListTable simInteractiveSimulatorList
simIsFlattenP simLibName simLoadNetlister simLoginName simModelNamePrefix
simNetNamePrefix simNetlistFileName simNetlistHier simNlpGlobalLibName
simNlpGlobalCellName simNlpGlobalViewName simNoSimdiff simNotIncremental
simNowRunningRemoteSimulation simOtherInfo SIMPASSWORD
simPostAnalysisProcessingFunc simPrintSilosCap simReNetlistAll simRetainFterms
simStlInputFile simSimulatorSaveFiles simSimulatorSaveVars
simSymbolModifiedAction simTermNamePrefix simTimeUnit simViewList simViewName)
.
si: simSetDef().... simUnbindFuncs is initialized to STLsimin(cat netlist runsim
sim simCatErrorFile simCheckExist simCheckHeader simCheckVariables
simCreateRemoteCommands simDateStamp simDeleteRunDirFile simDoHiloTranslation
simDoSilosTranslation simDoTaTranslation simErrHandler simExecuteWithStatus
simExecute simGetSiFileLocation simGetTermList simIfNoProcedure simin
simInitControl simInitEqivRemoteSim simInitRaw simInitRunDir simInitSimulator
simInitSpiceIncludes simIoHandler simLoadNetlisterFiles simLoadSimulatorFiles
simNoNetlist simout simout1 simPostFunc simPrintEnvironment simPrintTermList
simPrintTermListWithOption simRunDirInfile simRunDirLoad simRunDirOutfile
simRunSimdiff simRunEqivRemoteSim simRunStl simSetDef simSetDefWithNoWarn
simGetSiFileLocation) .
si: simSetDef().... simDoNotForkNetlist is initialized to "nil".
si: simSetDef().... interactiveTAP is initialized to "nil".
si: simSetDef().... simPrintSilosCap is initialized to "nil".
si: simSetDef().... simDoPostLayout is initialized to "nil".
si: simSetDef().... fnlFormatterUnbindFuncs is initialized to
(fnlVerilogPrintNetlistHeader fnlVerilogCreateHeaderFile
fnlVerilogPrintNormalHeader fnlVerilogCreateSTLFiles fnlVerilogCheckNetlistVars
fnlVerilogPrintNetlistFooter fnlVerilogPrintInst fnlVerilogPrintResistive
fnlVerilogPrintStrength fnlVerilogPrintImpDelays fnlVerilogFormatDelays
fnlVerilogPrintListDelays fnlVerilogPrintTimeProp fnlScaleTimeUnit
fnlVerilogExtractDelays fnlVerilogUtilGetStringUptoChar
fnlVerilogTempListOfWords fnlVerilogPrintInstPorts fnlVerilogPrintNetOnTerm
fnlVerilogSetBlockConsts fnlVerilogCheckSupplyGlobals
fnlVerilogCreateGlobalsFile fnlVerilogPrintBehaveModelWithTerm
fnlVerilogPrintBehaveModelNoTerm fnlVerilogFormatInstError
fnlVerilogCreateHDLFilesDir fnlVerilogDoHdlPart fnlVerilogSortStopCells
fnlVerilogGetHdlFileName fnlVerilogWriteLCVDPLToFile fnlVerilogProcViewName
fnlVerilogCreateListOfAllLibs fnlCurrentBlock fnlVerilogIsFloatingPort
fnlVerilogIsRCType fnlVerilogPrintLenWidRC fnlVerilogPrintInstAlgTechRC
fnlVerilogProcessNet fnlVerilogPrintSignalProps fnlVerilogInitPM
fnlVerilogInitTopLevelPM fnlVerilogAddPMEntry fnlVerilogSavePM
fnlVerilogSaveTopLevelPM fnlVerilogAddInstMap fnlVerilogCreateInstMapFile
fnlVerilogPrintStarsToStdout fnlVerilogIsSimpleBusName
mspiVerilogMapInputPinConnectedToIE fnlUnique fnlUnion fnlDifference fnlDisjoint
fnlVerilogCallFormatFunc fnlVerilogUtilPrintObjParams fnlVerilogUtilPrintHBInfo
fnlVerilogPrintInstLenWidRC fnlVerilogPrintLogGate fnlVerilogPrintPrimGate
fnlVerilogPrintPrimGateWithTerm fnlVerilogPrintPrimGateNoTerm
fnlVerilogPrintBehaveModel fnlVerilogPrintBufif0Notif0
fnlVerilogPrintLibraryModel) .
si: simSetDef().... fnlFormatterUnbindVars is initialized to (fnlBlockOutputs
fnlBlockBidirs fnlBlockInputs fnlBlockAllIO fnlBlockPower fnlBlockGround
fnlCurrentInTerms fnlCurrentOutTerms fnlCurrentOtherTerms
fnlVerilogDefaultPwrNets fnlVerilogDefaultGndNets fnlVerilogIncludeFileName
fnlVerilogLCVDPLFileName fnlVerilogImportHdlFilesList fnlVerilogImportingHdl
fnlVerilogUtilPrintHBInfo fnlVerilogPMList fnlVerilogPinMapErrors
fnlVerilogTopLevelPM fnlVerilogCreatePMInternal fnlVerilogPMModule fnlVerilogPM
fnlVerilogUnbindFuncs fnlVerilogInstMapTable fnlVerilogInstMapFileName
simVerilogLibraryFile simVerilogLibraryDirectory xxxInternalHDLDirName
xxxInternalNumPrefix xxxInternalGlobalsFileName xxxInternalGlobalsModuleName) .

Running netlist
si: simSetDef().... hnlDriverUnbindFuncs is initialized to
(hnlCellInAllStopCells hnlCloseCellFiles hnlCloseMasterList hnlDoNetBased
hnlFindAllCells hnlGenIncludeFile hnlIfNoProcedure hnlIgnoreTerm
hnlIsAStoppingCell hnlIsCellNetlistable hnlLibName hnlGetPropVal hnlGetRoundProp
hnlGetScaleCapacitance hnlGetScaleMarginalDelay hnlGetScaleTimeUnit
hnlGetSymbolPropVal hnlNetNameOnTerm hnlPrintDevices hnlPrintMacroCell
hnlPrintMessage hnlPrintNetlist hnlPrintNotNumber hnlPrintSignal hnlPrintTopCell
hnlProcInst hnlRoundProp hnlRunNetlister hnlScaleCapacitance
hnlScaleMarginalDelay hnlScaleTimeUnit hnlSetCellFiles hnlSetDef hnlSetDefNoWarn
hnlSetUpCellList hnlSetVars hnlSortTermsToNets hnlStartNetlist hnlStopNetlist
hnlStringToList hnlSubTreeInsts hnlWriteRlist _hnlEMHSetupDigitalNetlistFile
_hnlEMHProcTopInst _hnlEMHPrintModuleHeader hnlEMHPrintInst
_hnlEMHPrintModuleFooter _hnlEMHPrintNetlistFooter hnlEMHProcStandardCell) .
si: simSetDef().... hnlDriverUnbindVars is initialized to (hnlAllGlobals
hnlAllSignalInCell hnlAllTermNames hnlAllTerms hnlBusCapability hnlCapability
hnlCellInputs hnlCellInTerms hnlCellNetsOnTerms hnlCellOtherTerms hnlCellOthers
hnlCellOutputs hnlModCellInputs hnlModCellOutputs hnlModCellOthers
hnlCellOutTerms hnlCellSeenList hnlCommentStr hnlCurrentCell
hnlCurrentCellViewList hnlCurrentCellPath hnlCurrentCellConfigLibname
hnlCurrentCellConfigCellname hnlCurrentCellConfigViewname hnlIsTopConfigCell
hnlCurrentInputs hnlCurrentInst hnlCurrentInstName hnlCurrentInstPort
hnlCurrentInstPortIndex hnlCurrentInstPortName hnlCurrentInTerms
hnlCurrentInTermsSize hnlCurrentIteration hnlCurrentMaster
hnlCurrentMasterViewList hnlCurrentOthers hnlCurrentOtherTerms
hnlCurrentOtherTermsSize hnlCurrentOutputs hnlCurrentOutTerms
hnlCurrentOutTermsSize hnlCurrentSignal hnlCurrentSignalName
hnlCurrentSignalTerms hnlCurrentTermsOnInst hnlCurrentType hnlDefaultSwitchViews
hnlDefaultStopViews hnlDefaultTarget hnlDriverWillPrint hnlDrvIlLoaded hnlError
hnlFormatFuncsLoaded hnlFullNetlistName hnlGlobalNetPrefix hnlGlobalParamPrefix
hnlHierarchyDelimeter hnlHierarchyDelimiter hnlIncludeFile hnlIncludeFileName
hnlIncremental hnlIncrementalDirectory hnlIncrementalMode hnlIncrementalOnly
simSupportNewConfig hnlInstBased hnlInstMasterPort hnlInstNameDifferentFrom
hnlInvalidInstNames hnlInvalidModelNames hnlInvalidNames hnlInvalidNetNames
hnlInvalidTermNames hnlInvalidParamNames hnlInvalidFunctionNames hnlLastTarget
hnlLinePostfix hnlLinePrefix hnlListOfAllCells hnlListOfAllStopCells
hnlListOfInstOnSignal hnlMacroCellFuncs hnlMapBusFirstChar hnlMapBusInName
hnlMapDirName hnlMapFileName hnlMapIfFirstChar hnlMapIfInName
hnlMapInstFirstChar hnlMapInstInName hnlMapModelFirstChar hnlMapModelInName
hnlMapNetFirstChar hnlMapNetInName hnlMapTermFirstChar hnlMapTermInName
hnlMaxInstNameLength hnlMaxLineLength hnlMaxModelNameLength hnlMaxNameLength
hnlMaxNetNameLength hnlMaxTermNameLength hnlModelNameDifferentFrom
hnlModulePrefix hnlNamePrefix simNetNamePrefix simInstNamePrefix
simModelNamePrefix simTermNamePrefix simParamNamePrefix simHierarchyPrefix
simGlobalPrefix hnlNetlistConfig hnlNetlistDirectory hnlNetlistFile
hnlNetlistFileList hnlNetlistFileName hnlNetNameDifferentFrom
hnlOverrideViewList hnlPreviousError hnlReNetlistAll hnlRlistString
hnlslistString hnlSoftLineLength hnlStopList hnlTarget hnlTermNameDifferentFrom
hnlParamNameDifferentFrom hnlTopCell hnlTopCellFuncs hnlViewList
hnlInvalidLineBreakChars hnlHonorLxRemoveDevice hnlShortTwoTermPolicy
hnlLxRemovePropertyOrder hnlCaseSensitiveShortProperty hnlCurrentSourceFilePath
hnlCurrentSourceFileModel hnlStoppingPropName hnlVerilogViewName
hnlCurrentInstHdbProps hnlCurrentInstOverCellHdbProps hnlLastInvalidInstNames
hnlLastInvalidModelNames hnlLastInvalidNames hnlLastInvalidNetNames
hnlLastInvalidTermNames hnlLastInvalidParamNames hnlLastInvalidFunctionNames
hnlLastMapBusFirstChar hnlLastMapBusInName hnlLastMapIfFirstChar
hnlLastMapIfInName hnlLastMapInstFirstChar hnlLastMapInstInName
hnlLastMapModelFirstChar hnlLastMapModelInName hnlLastMapNetFirstChar
hnlLastMapNetInName hnlLastMapTermFirstChar hnlLastMapTermInName
hnlLastTermNameDifferentFrom hnlLastParamNameDifferentFrom
hnlLastMapParamFirstChar hnlLastMapParamInName hnlEMH
_simPostNetlistTriggerProcList _simPreNetlistTriggerProcList smashNetlistON
generateFullyFlatNetlist simPrintInstAsBlackBox
hnlProcessAliasSignalWithSourceDirection hnlProcessConnectionsInAscendingOrder
hnlUseSchematicForSystemVerilogView simSupportDuplicatePorts
hnlDisableObserverDuringElaboration hnlBusDirectionPolicy
hnlProcessDifferentPmAndInstTerminalRepresentation hnlSurviveNetLabel
hnlOptimizeCellGenerationInConfig) .
si: simSetDef().... simTermNamePrefix is initialized to "nil".
si: simSetDef().... simParamNamePrefix is initialized to "nil".
si: simSetDef().... hnlCellOutputs is initialized to "nil".
si: simSetDef().... hnlModCellOutputs is initialized to "nil".
si: simSetDef().... hnlCellInputs is initialized to "nil".
si: simSetDef().... hnlModCellInputs is initialized to "nil".
si: simSetDef().... hnlCellOthers is initialized to "nil".
si: simSetDef().... hnlModCellOthers is initialized to "nil".
si: simSetDef().... hnlCellOutTerms is initialized to "nil".
si: simSetDef().... hnlCellInTerms is initialized to "nil".
si: simSetDef().... hnlCellOtherTerms is initialized to "nil".
si: simSetDef().... hnlCellNetsOnTerms is initialized to "nil".
si: simSetDef().... hnlCurrentOutputs is initialized to "nil".
si: simSetDef().... hnlCurrentInputs is initialized to "nil".
si: simSetDef().... hnlCurrentOthers is initialized to "nil".
si: simSetDef().... hnlCurrentType is initialized to "nil".
si: simSetDef().... hnlCurrentInst is initialized to "nil".
si: simSetDef().... hnlCurrentInstName is initialized to "nil".
si: simSetDef().... hnlCurrentMaster is initialized to "nil".
si: simSetDef().... hnlCurrentIteration is initialized to "nil".
si: simSetDef().... hnlCurrentCell is initialized to "nil".
si: simSetDef().... hnlCurrentCellViewList is initialized to "nil".
si: simSetDef().... hnlCurrentCellPath is initialized to "nil".
si: simSetDef().... hnlCurrentCellConfigLibname is initialized to "nil".
si: simSetDef().... hnlCurrentCellConfigCellname is initialized to "nil".
si: simSetDef().... hnlCurrentCellConfigViewname is initialized to "nil".
si: simSetDef().... hnlIsTopConfigCell is initialized to "nil".
si: simSetDef().... hnlCurrentMasterViewList is initialized to "nil".
si: simSetDef().... hnlCurrentMasterPathString is initialized to "nil".
si: simSetDef().... hnlCurrentMasterConfigLibName is initialized to "nil".
si: simSetDef().... hnlCurrentMasterConfigCellName is initialized to "nil".
si: simSetDef().... hnlCurrentMasterConfigViewName is initialized to "nil".
si: simSetDef().... hnlCurrentMasterIsTopCellConfig is initialized to "nil".
si: simSetDef().... hnlOverrideViewList is initialized to "" .
si: simSetDef().... hnlCurrentTermsOnInst is initialized to "nil".
si: simSetDef().... hnlCurrentOutTerms is initialized to "nil".
si: simSetDef().... hnlCurrentInTerms is initialized to "nil".
si: simSetDef().... hnlCurrentOtherTerms is initialized to "nil".
si: simSetDef().... hnlCurrentOutTermsSize is initialized to "nil".
si: simSetDef().... hnlCurrentInTermsSize is initialized to "nil".
si: simSetDef().... hnlCurrentOtherTermsSize is initialized to "nil".
si: simSetDef().... hnlTopCell is initialized to "nil".
si: simSetDef().... hnlAllGlobals is initialized to "nil".
si: simSetDef().... hnlInvalidNames is initialized to "nil".
si: simSetDef().... hnlInvalidNetNames is initialized to "nil".
si: simSetDef().... hnlInvalidInstNames is initialized to "nil".
si: simSetDef().... hnlInvalidModelNames is initialized to "nil".
si: simSetDef().... hnlInvalidTermNames is initialized to "nil".
si: simSetDef().... hnlInvalidParamNames is initialized to "nil".
si: simSetDef().... hnlInvalidFunctionNames is initialized to "nil".
si: simSetDef().... hnlInvalidLineBreakChars is initialized to "nil".
si: simSetDef().... hnlMapIfFirstChar is initialized to "nil".
si: simSetDef().... hnlMapIfInName is initialized to "nil".
si: simSetDef().... hnlMapNetFirstChar is initialized to "nil".
si: simSetDef().... hnlMapNetInName is initialized to "nil".
si: simSetDef().... hnlMapInstFirstChar is initialized to "nil".
si: simSetDef().... hnlMapInstInName is initialized to "nil".
si: simSetDef().... hnlMapModelFirstChar is initialized to "nil".
si: simSetDef().... hnlMapModelInName is initialized to "nil".
si: simSetDef().... hnlMapTermInName is initialized to "nil".
si: simSetDef().... hnlMapTermFirstChar is initialized to "nil".
si: simSetDef().... hnlMapParamInName is initialized to "nil".
si: simSetDef().... hnlMapParamFirstChar is initialized to "nil".
si: simSetDef().... hnlMapBusInName is initialized to "nil".
si: simSetDef().... hnlMapBusFirstChar is initialized to "nil".
si: simSetDef().... hnlViewList is initialized to "nil".
si: simSetDef().... hnlStopList is initialized to "nil".
si: simSetDef().... hnlError is initialized to "nil".
si: simSetDef().... hnlPreviousError is initialized to "nil".
si: simSetDef().... hnlListOfAllStopCells is initialized to "nil".
si: simSetDef().... hnlListOfAllCells is initialized to "nil".
si: simSetDef().... hnlNetlistFile is initialized to "nil".
si: simSetDef().... hnlNetlistFileName is initialized to "netlist" .
si: simSetDef().... hnlMapDirName is initialized to "map" .
si: simSetDef().... hnlMapFileName is initialized to "current" .
si: simSetDef().... hnlNamePrefix is initialized to "hnl_" .
si: simSetDef().... hnlBusNamePrefix is initialized to "cdsbus" .
si: simSetDef().... hnlDriverWillPrint is initialized to "nil".
si: simSetDef().... hnlLinePrefix is initialized to "nil".
si: simSetDef().... hnlLinePostfix is initialized to "nil".
si: simSetDef().... hnlCommentStr is initialized to "nil".
si: simSetDef().... hnlSoftLineLength is initialized to "nil".
si: simSetDef().... hnlFormatFuncsLoaded is initialized to "nil".
si: simSetDef().... hnlDrvIlLoaded is initialized to "nil".
si: simSetDef().... hnlInstBased is initialized to t .
si: simSetDef().... hnlLastTarget is initialized to "nil".
si: simSetDef().... hnlFullNetlistName is initialized to "netlist" .
si: simSetDef().... hnlNetlistDirectory is initialized to "nil".
si: simSetDef().... hnlFullMasterName is already set to
"OTA_PROJ/schematic/current". Redefinition to nil is ignored.
si: simSetDef().... hnlIncremental is initialized to "nil".
si: simSetDef().... hnlIncrementalOnly is initialized to "nil".
si: simSetDef().... simSupportNewConfig is initialized to "nil".
si: simSetDef().... hnlIncrementalMode is initialized to "nil".
si: simSetDef().... hnlReNetlistAll is initialized to "nil".
si: simSetDef().... hnlModulePrefix is initialized to "nil".
si: simSetDef().... hnlGlobalNetPrefix is initialized to "nil".
si: simSetDef().... hnlGlobalParamPrefix is initialized to "nil".
si: simSetDef().... hnlIncludeFileName is initialized to "netlist" .
si: simSetDef().... hnlIncludeFile is initialized to "nil".
si: simSetDef().... hnlNetlistFileList is initialized to "nil".
si: simSetDef().... hnlIncrementalDirectory is initialized to "ihnl" .
si: simSetDef().... hnlCurrentInstPortName is initialized to "nil".
si: simSetDef().... hnlCurrentInstPortIndex is initialized to 0 .
si: simSetDef().... hnlCurrentInstPort is initialized to "nil".
si: simSetDef().... hnlInstMasterPort is initialized to "nil".
si: simSetDef().... hnlAllTerms is initialized to "nil".
si: simSetDef().... hnlAllTermNames is initialized to "nil".
si: simSetDef().... hnlAllSignalInCell is initialized to "nil".
si: simSetDef().... hnlCurrentSignal is initialized to "nil".
si: simSetDef().... hnlCurrentSignalName is initialized to "nil".
si: simSetDef().... hnlSignalTerms is initialized to "nil".
si: simSetDef().... hnlListOffInstOnSignal is initialized to "nil".
si: simSetDef().... hnlNetBased is initialized to "nil".
si: simSetDef().... hnlRlistString is initialized to "nil".
si: simSetDef().... hnlNetlistConfig is initialized to "nil".
si: simSetDef().... hnlTopCellFuncs is initialized to ("hnlSetCellFiles()"
"hnlPrintTopCellHeader()" "hnlPrintDevices()" "hnlPrintTopCellFooter()"
"hnlCloseCellFiles()") .
si: simSetDef().... hnlMacroCellFuncs is initialized to ("hnlSetCellFiles()"
"hnlPrintDeviceHeader()" "hnlPrintPorts()" "hnlPrintDevices()"
"hnlPrintDeviceFooter()" "hnlCloseCellFiles()") .
Loading the file
'/usr/ece/cadence.Linux/ICADVM201_20.10.280/tools.lnx86/dfII/etc/skill/hnl/verilog.ile'.si: simSetDef().... hnlFormatterUnbindFuncs is initialized to (hnlGenIncludeFile
hnlPrintDeviceFooter hnlPrintDeviceHeader hnlPrintInst hnlPrintNetlistFooter
hnlPrintNetlistHeader hnlPrintPortHeader hnlPrintPortFooter hnlPrintPorts
hnlPrintTopCellFooter hnlPrintTopCellHeader hnlSetOutputVars hnlSaveNameMap
hnlVerilogDeclareAliasedSigs hnlVerilogDeclareBundles
hnlVerilogDeclareBundlesNBuses hnlVerilogDeclareBusStuff
hnlVerilogDeclareCellPorts hnlVerilogDeclarePorts
hnlVerilogDeclarePrimaryAliasedSigs hnlVerilogDeclareSigStuff
hnlVerilogExtractDelays hnlVerilogExtractPortNames hnlVerilogFormatDelays
hnlVerilogFormatInstError hnlVerilogGenTestFixtureTemplate hnlVerilogGetBaseName
hnlVerilogGetHdlFileName hnlVerilogGetKeyword hnlVerilogImportHDLToNetlist
hnlVerilogInitPM hnlVerilogInitTopLevelPM hnlVerilogListNPrintTimeScaleToFile
hnlVerilogPrependInoutPrefix hnlVerilogPrintBehaveModel
hnlVerilogPrintBehaveModelNoTerm hnlVerilogPrintBehaveModelWithTerm
hnlVerilogPrintBehavePortOrder hnlVerilogPrintBidiXfr
hnlVerilogPrintBufif0Notif0 hnlVerilogPrintBufif1Notif1 hnlVerilogPrintCellPorts
hnlVerilogPrintCmos hnlVerilogPrintConcatHDLPart hnlVerilogPrintDefaultCellPorts
hnlVerilogPrintDotFilesForStl hnlVerilogPrintDotFiles
hnlVerilogPrintExplicitNetlist hnlVerilogPrintGlobalNets
hnlVerilogPrintHDLFileName hnlVerilogPrintHDLPart hnlVerilogPrintImpDelays
hnlVerilogPrintInitStimulus hnlVerilogPrintInstPorts hnlVerilogPrintOutInstPort
hnlVerilogPrintLibraryModel hnlVerilogPrintListDelays hnlVerilogPrintLogGate
hnlVerilogPrintMacroRef hnlVerilogPrintNetOnTerm hnlVerilogPrintNetlistConfig
hnlVerilogPrintNetsOfInstance hnlVerilogPrintNmosPmos hnlVerilogPrintPorts
hnlVerilogPrintPortsInUserOrder hnlVerilogPrintPrimGate
hnlVerilogPrintPrimGateNoTerm hnlVerilogPrintPrimGateWithTerm
hnlVerilogPrintResistive hnlVerilogPrintStoppingRef hnlVerilogPrintStrength
hnlVerilogPrintString hnlVerilogPrintTimeProp hnlVerilogPrintTopIOAssigns
hnlVerilogPrintTopModulePart hnlVerilogSavePM hnlVerilogSaveTopLevelPM
hnlVerilogSetInternalTestFixtureFlag hnlVerilogSortStopCells
hnlVerilogTempListOfWords hnlVerilogUtilConvertTime
hnlVerilogUtilGetDefaultTopInstName hnlVerilogUtilGetDefaultTopModName
hnlVerilogUtilGetFixtureNTopModule hnlVerilogUtilGetStringUptoChar
hnlVerilogUtilGetWidthFromRange hnlVerilogUtilPrintHBInfo
hnlVerilogUtilPrintModuleComment hnlVerilogUtilPrintObjParams
hnlVerilogUtilPrintTimeScale hnlVerilogUtilResetFormatVar
hnlVerilogUtilStrCmpGreaterp hnlVerilogUtilStrCmpLessp hnlVerilogValidatePinMap
hnlVerilogVerifyGlobalNets hnlVerilogWriteLCVDPLToFile
hnlVerilogCreateTestFixtureFile hnlVeritimeCreateTestFixtureFile
hnlVerifaultCreateTestFixtureFile hnlVerifaultGenerateStrobe
hnlVerilogPrintTimeScaleofSch hnlVerilogNeedAliasGlobals
hnlVerilogParseShEscapes hnlVerilogCheckReNetlistAll hnlVerilogCheckInstNMaster
hnlVerilogFindRefHdlLibs hnlVerilogPrintUseLibDefines hnlVerilogPrintUseLibs
hnlVerilogResetUselib hnlVerilogIsSimpleBusName hnlVerilogDropCellNetsInMap
hnlVerilogTestNSetTestFixtureFile hnlVerilogExtractOmitsFromLCVDPL
hnlVerilogCheckAliasProp hnlVerilogIsAliasNeeded hnlVerilogPrintAliasModule
hnlVerilogHandleCsiGlobalNets hnlVerilogPrintMapTab
hnlVerilogPrintStimulusNameMap hnlVerilogIsFloatingPort
hnlVerilogMasterTermIsFlatten hnlVerilogCallFormatFunc
hnlVerilogAuxFilesForStopCells hnlVerilogCollectAuxCellData
hnlVerilogPrintAuxCellData hnlVerilogProcessGivenInfo
hnlVerilogProcessIncludeFileInfo hnlVerilogProcessOtherFileInfo
hnlVerilogResolveFileName hnlVerilogCopyAuxFilesToWorkingDir
hnlVerilogPrintAuxFile hnlVerilogIsRCType hnlVerilogPrintInstAlgTechRC
hnlVerilogStringIsFloat hnlVerilogGetInstWidRC hnlVerilogGetInstLenRC
hnlVerilogPrintInstLenWidRC hnlVerilogPrintNetProps hnlVerilogRCDeclareTriRegs
hnlVerilogPrintVhdlImport hnlVerilogExplicitMapTermName
_hnlVerilogExplicitMapTermNameFast _hnlVerilogExplicitMapTermNameSuperFast
hnlVerilogUtilGetTimeScale hnlVerilogIsEscapeString hnlVerilogSwitchMasterIsFunc
hnlVerilogRemoveStringSpace hnlVerilogGetInstCDFPropDelayValue
hnlVerilogScaleTimeUnit hnlVerilogScaleSimTimeUnit hnlVerilogIsNumber
hnlVerilogStrIsFloatNum hnlVerilogUtilPrintCDFParams
hnlVerilogPrintCellCDFDefault hnlVerilogEvaluateStrExpr
hnlVerilogGetCellCDFDefaultValue hnlVerilogIsEmptyString
hnlVerilogLegalArithExpr hnlVerilogGetInstCDFPropValue hnlVerilogIsMeterNumber
hnlVerilogOneBitBusName hnlVerilogWriteFuncCellToFile hnlVerilogValidIdentifier
hnlVerilogValidDesignInstPath hnlVerilogPrintHDLModuleFormattingPorts
hnlVerilogGetModulePortList hnlVerilogFormatModuleName hnlVerilogNeedEscapeName
hnlVerilogUtilPrintRefHDLFile hnlVerilogPrintStlNameFile
hnlVerilogPrintNameFilesForStl hnlVerilogInitScalarInBundle
hnlVerilogConvertToBinary hnlVerilogPrintInitStimulusValue
hnlVerilogTapTerminalFromSameNet hnlVerilogIsSplitBusModule
hnlVerilogPrintPinmapConfig hnlVerilogFuncCellWithPortRange
hnlVerilogFormatInstCellWithPortRange hnlVerilogExplicitExtractTermName
hnlVerilogExplicitTermName hnlVerilogGetlmoName hnlVeriloglmoModelName
_hnlVerilogIgnorePort hnlVerilogUnbindFuncs hnlVerilogWriteVHDLToFile
hnlVerilogGetVhdlName hnlVerilogDeleteVhdlFiles hnlVerilogCollectVhdlCells
hnlVerilogHandleVhdlCell hnlVerilogCreateVhdlImportEncapFile
hnlVerilogGetVhdlEntityFromCVResult hnlVerilogGetVhdlUnitFromCVResult
hnlVerilogPrintVhdlImportPortArg hnlVerilogPrintVhdlImportPortDecl
hnlVerilogCrossViewCheck hnlVerilogGetInstCDFPropLenWidValue
hnlVerilogNetBitSelect hnlVerilogCreateMSTestFixtureFile
hnlVerilogPrintMSTopModulePart hnlVerilogDeclareMStype
hnlVerilogPrintModuleMSHierIE hnlVerilogMSDeclareIEs hnlVerilogGetModuleHierIE
hnlVerilogGetAnalogPort hnlVerilogIsBinaryHexNum hnlVerilogPrintITTNetProps
hnlVerilogPortCount hnlVerilogCellInhPortList hnlVerilogDeclareInhConPorts
hnlVerilogInstInhPortList hnlVerilogCollectPrimitiveTerms
hnlVerilogIsSplitBusInst hnlVerilogWriteVhdlSupportFile
hnlVerilogGetCellInhPortList hnlVerilogGetInstInhPortList
hnlVerilogIgnoreMasterTerm _hnlVerilogIgnoreMasterTermFast
_hnlVerilogIgnoreSymbolTermFast _hnlVerilogAuxFilesForNonStopCells
_hnlVerilogFixFilename _hnlVerilogHandleLargeCommentOutput
_hnlVerilogHandleLargeStringOutput _hnlSetMappingVariables
_hnlVerilogInitializeCache _hnlVerilogGetHnlVerilogFormatInst
_hnlVerilogGetVerilogFormatProc _hnlVerilogGetTerminals
_hnlVerilogGetTerminalNames _hnlVerilogGetTr _hnlVerilogGetTd _hnlVerilogGetTf
_hnlVerilogGetTz _hnlVerilogGetLowStrength _hnlVerilogGetHighStrength
_hnlVerilogGetModelName _hnlVerilogGetDefparam _hnlVerilogGetVerilogPinOrder
_hnlVerilogGetParamOrder _hnlVerilogGetAlgorithm _hnlVerilogGetTechnology
_hnlVerilogGetNets _hnlVerilogGetNlAction _hnlVerilogGetTimescale
_hnlVerilogGetSlot _hnlVerilogIsAStoppingCell _hnlVerilogGetMasterTermList
_hnlVerilogDumpCellViewCounter _hnlMapInternalInstTermBusName
_hnlVerilogUtilPrintObjParamValue _hnlVerilogUtilIsNotPrimInstance
_hnlVerilogUtilSortParams _hnlVerilogUtilPrintObjParamAttributes
_hnlVerilogProcessCellPorts _hnlVerilogUtilRearrangeParams
_hnlVerilogUtilPrintKeywordAgain _hnlVerilogUtilPrintAttributes
_hnlVerilogUtilValidateAttributes _hnlVerilogIsAttributesSame
_hnlVerilogUtilPrintSigned _hnlVerilogCollectTerminalInfo _hnlVerilogUpdateHash
_hnlVerilogGetMappedName _hnlVerilogGetLowStrength _hnlVerilogGetHighStrength
_hnlVerilogGetModelName _hnlVerilogGetDefparam _hnlVerilogGetVerilogPinOrder
_hnlVerilogGetParamOrder _hnlVerilogGetAlgorithm _hnlVerilogGetTechnology
_hnlVerilogGetNets _hnlVerilogGetNlAction _hnlVerilogGetTimescale) .
si: simSetDef().... hnlFormatterUnbindVars is initialized to (hnlBusNamePrefix
hnlCommentStr hnlFormatFuncsLoaded hnlGlobalNetPrefix hnlHierarchyDelimeter
hnlIncludeFileName hnlIncremental hnlIncrementalOnly hnlMapBusFirstChar
hnlMapBusInName hnlMapIfFirstChar hnlMapInstFirstChar hnlMapInstInName
hnlMapModelFirstChar hnlMapModelInName hnlMapNetFirstChar hnlMapNetInName
hnlMapTermFirstChar hnlMapTermInName hnlMaxLineLength hnlMaxNameLength
hnlModulePrefix simCheckTermMismatchAction simNetNamePrefix simInstNamePrefix
simTermNamePrefix simModelNamePrefix hnlNamePrefix simSupportNewConfig
hnlSupportIterInst _hnlLicenseError hnlTextViewTypeList
hnlVerilogIgnoreModelForBehaveModel vlogifCurrentTestFixture
vlogifCurrentStimulus simPrintInhConnAttributes hnlMergeShortedNets) .
si: simSetDef().... hnlMaxNameLength is initialized to 50 .
si: simSetDef().... hnlMapIfFirstChar is initialized to ("0" "1" "2" "3" "4" "5"
"6" "7" "8" "9" "*" "." "," ";" ":" "$" "@" "/" "!" "#" "%" "^" "&" "(" ")" "-"
"+" "=" "~" "`" "[" "]" "{" "}" "|" "?" "\\") .
si: simSetDef().... hnlMapInstFirstChar is initialized to ("0" "1" "2" "3" "4"
"5" "6" "7" "8" "9" "*" "." "," ";" ":" "$" "@" "/" "!" "#" "%" "^" "&" "(" ")"
"-" "+" "=" "~" "`" "[" "]" "{" "}" "|" "?" "\\") .
si: simSetDef().... hnlMapTermFirstChar is initialized to ("0" "1" "2" "3" "4"
"5" "6" "7" "8" "9" "*" "." "," ";" ":" "$" "@" "/" "!" "#" "%" "^" "&" "(" ")"
"-" "+" "=" "~" "`" "[" "]" "{" "}" "|" "?" "\\") .
si: simSetDef().... hnlMapNetFirstChar is initialized to ("0" "1" "2" "3" "4"
"5" "6" "7" "8" "9" "*" "." "," ";" ":" "$" "@" "/" "!" "#" "%" "^" "&" "(" ")"
"-" "+" "=" "~" "`" "[" "]" "{" "}" "|" "?" "\\") .
si: simSetDef().... hnlMapModelFirstChar is initialized to ("0" "1" "2" "3" "4"
"5" "6" "7" "8" "9" "*" "." "," ";" ":" "$" "@" "/" "!" "#" "%" "^" "&" "(" ")"
"-" "+" "=" "~" "`" "[" "]" "{" "}" "|" "?" "\\") .
si: simSetDef().... hnlMapIfInName is initialized to (("<" "_") (">" "_") "*"
("." "_") "," ";" ":" "$" "@" ("/" "_") "!" "#" "%" "^" "&" "(" ")" "-" "+" "="
"~" "`" "[" "]" "{" "}" "|" "?" "\\") .
si: simSetDef().... hnlMapTermInName is initialized to (("<" "_") (">" "_") "*"
("." "_") "," ";" ":" "$" "@" ("/" "_") "!" "#" "%" "^" "&" "(" ")" "-" "+" "="
"~" "`" "[" "]" "{" "}" "|" "?" "\\") .
si: simSetDef().... hnlMapInstInName is initialized to (("<" "_") (">" "_") "*"
("." "_") "," ";" ":" "$" "@" ("/" "_") "!" "#" "%" "^" "&" "(" ")" "-" "+" "="
"~" "`" "[" "]" "{" "}" "|" "?" "\\") .
si: simSetDef().... hnlMapNetInName is initialized to (("<" "_") (">" "_") "*"
("." "_") "," ";" ":" "$" "@" ("/" "_") ("!" "_") "#" "%" "^" "&" "(" ")" "-"
"+" "=" "~" "`" "[" "]" "{" "}" "|" "?" "\\") .
si: simSetDef().... hnlMapModelInName is initialized to (("<" "_") (">" "_") "*"
("." "_") "," ";" ":" "@" ("/" "_") "!" "#" "%" "^" "&" "(" ")" "-" "+" "=" "~"
"`" "[" "]" "{" "}" "|" "?" "\\") .
si: simSetDef().... hnlMapBusFirstChar is initialized to ("0" "1" "2" "3" "4"
"5" "6" "7" "8" "9" "*" "." "," ";" ":" "$" "@" "/" "!" "#" "%" "^" "&" "(" ")"
"-" "+" "=" "~" "`" "[" "]" "{" "}" "|" "?" "\\") .
si: simSetDef().... hnlMapBusInName is initialized to (("<" "_") (">" "_") "*"
("." "_") "," ";" ":" "$" "@" ("/" "_") ("!" "_") "#" "%" "^" "&" "(" ")" "-"
"+" "=" "~" "`" "[" "]" "{" "}" "|" "?" "\\") .
si: simSetDef().... simModelNamePrefix is initialized to "hdl_" .
si: simSetDef().... simInstNamePrefix is initialized to "Inst_" .
si: simSetDef().... simSupportNewConfig is initialized to t .
si: simSetDef().... hnlHierarchyDelimeter is initialized to "." .
si: simSetDef().... hnlCommentStr is initialized to "//" .
si: simSetDef().... hnlLinePrefix is initialized to "     " .
si: simSetDef().... hnlIncremental is initialized to t .
si: simSetDef().... hnlIncrementalOnly is initialized to t .
si: simSetDef().... hnlModulePrefix is initialized to "cdsModule_" .
si: simSetDef().... hnlGlobalNetPrefix is initialized to "global_" .
si: simSetDef().... vlogifTFStimulusTemplateFile is already set to
"testfixture.sv". Redefinition to "testfixture.verilog" is ignored.
si: simSetDef().... simVerilogFlattenBuses is initialized to "nil".
si: simSetDef().... simNetNamePrefix is initialized to "cdsNet" .
si: simSetDef().... simTermNamePrefix is initialized to "cdsTerm" .
si: simSetDef().... hnlMSCreateTestFixtureFlag is initialized to "nil".
si: simSetDef().... hnlVeritimeCreateTestFixtureFlag is initialized to t .
si: simSetDef().... hnlVerifaultCreateTestFixtureFlag is initialized to t .
si: simSetDef().... vtoolsUseUpperCaseFlag is initialized to "nil".
si: simSetDef().... simVerilogNetlistExplicit is initialized to "nil".
si: simSetDef().... hnlVerilogNetlistExplicit is initialized to "nil".
si: simSetDef().... simVerilogLaiLmsiNetlisting is initialized to "nil".
si: simSetDef().... hnlVerilogEnableInstSwitching is initialized to "nil".
si: simSetDef().... hnlVerilogGetAuxFilesToPwd is initialized to "nil".
si: simSetDef().... xxxInternalForceAliasModuleGen is initialized to "nil".
si: simSetDef().... simGlobalPrefix is initialized to "cds_globals." .
si: simSetDef().... xxxInternalInstSpecificViews is initialized to "nil".
si: simSetDef().... simVerilogPwrNetList is already set to ("VDD!").
Redefinition to nil is ignored.
si: simSetDef().... simVerilogGndNetList is already set to ("GND!").
Redefinition to nil is ignored.
si: simSetDef().... simVerilogGlobalNetList is initialized to "nil".
si: simSetDef().... hnlVerilogCreatePM is initialized to "nil".
si: simSetDef().... hnlVerilogTopLevelPM is initialized to "nil".
si: simSetDef().... hnlVerilogPMList is initialized to "nil".
si: simSetDef().... hnlVerilogPM is initialized to "nil".
si: simSetDef().... hnlVerilogCreatePMInternal is initialized to "nil".
si: simSetDef().... hnlVerilogPMModule is initialized to "nil".
si: simSetDef().... hnlVerilogPMModuleList is initialized to "nil".
si: simSetDef().... hnlVerilogPMCellList is initialized to "nil".
si: simSetDef().... hnlVerilogCheckPMModule is initialized to "nil".
si: simSetDef().... hnlVerilogLenWidRCScale is initialized to "nil".
si: simSetDef().... hnlVerilogRCTriRegNetList is initialized to "nil".
si: simSetDef().... hnlVerilogITTtrireg is initialized to "nil".
si: simSetDef().... hnlVerilogITTbusList is initialized to "nil".
si: simSetDef().... hnlVerilogTriregbusList is initialized to "nil".
si: simSetDef().... hnlVerilogPartialNet is initialized to "nil".
si: simSetDef().... hnlVerilogTriregStrengthList is initialized to "nil".
si: simSetDef().... hnlVerilogCellSimTimeUnit is already set to 1e-09.
Redefinition to nil is ignored.
si: simSetDef().... hnlVerilogIgnorePortRange is already set to t. Redefinition
to nil is ignored.
si: simSetDef().... xxxInternalTapTerminalCellList is initialized to "nil".
si: simSetDef().... hnlVerilogSplitBusModule is initialized to "nil".
si: simSetDef().... hnlVerilogAllowUnresolvedInstance is initialized to "nil".
Loading the file
'/usr/ece/cadence.Linux/ICADVM201_20.10.280/tools.lnx86/dfII/etc/skill/hnl/driver.ile'.Begin Incremental Netlisting Feb 29 13:44:31 2024
si: simSetDef().... hnlInvalidNames is initialized to (("accept_on"
"accept_on_") ("alias" "alias_") ("always" "always_") ("always_comb"
"always_comb_") ("always_ff" "always_ff_") ("always_latch" "always_latch_")
("and" "and_") ("assert" "assert_") ("assign" "assign_") ("assume" "assume_")
("automatic" "automatic_") ("before" "before_") ("begin" "begin_") ("bind"
"bind_") ("bins" "bins_") ("binsof" "binsof_") ("bit" "bit_") ("break" "break_")
("buf" "buf_") ("bufif0" "bufif0_") ("bufif1" "bufif1_") ("byte" "byte_")
("case" "case_") ("casex" "casex_") ("casez" "casez_") ("cell" "cell_")
("chandle" "chandle_") ("checker" "checker_") ("class" "class_") ("clocking"
"clocking_") ("cmos" "cmos_") ("config" "config_") ("const" "const_")
("constraint" "constraint_") ("context" "context_") ("continue" "continue_")
("cover" "cover_") ("covergroup" "covergroup_") ("coverpoint" "coverpoint_")
("cross" "cross_") ("deassign" "deassign_") ("default" "default_") ("defparam"
"defparam_") ("design" "design_") ("disable" "disable_") ("dist" "dist_") ("do"
"do_") ("edge" "edge_") ("else" "else_") ("end" "end_") ("endcase" "endcase_")
("endchecker" "endchecker_") ("endclass" "endclass_") ("endclocking"
"endclocking_") ("endconfig" "endconfig_") ("endfunction" "endfunction_")
("endgenerate" "endgenerate_") ("endgroup" "endgroup_") ("endinterface"
"endinterface_") ("endmodule" "endmodule_") ("endpackage" "endpackage_")
("endprimitive" "endprimitive_") ("endprogram" "endprogram_") ("endproperty"
"endproperty_") ("endspecify" "endspecify_") ("endsequence" "endsequence_")
("endtable" "endtable_") ("endtask" "endtask_") ("enum" "enum_") ("event"
"event_") ("eventually" "eventually_") ("expect" "expect_") ("export" "export_")
("extends" "extends_") ("extern" "extern_") ("final" "final_") ("first_match"
"first_match_") ("for" "for_") ("force" "force_") ("foreach" "foreach_")
("forever" "forever_") ("fork" "fork_") ("forkjoin" "forkjoin_") ("function"
"function_") ("generate" "generate_") ("genvar" "genvar_") ("global" "global_")
("highz0" "highz0_") ("highz1" "highz1_") ("if" "if_") ("iff" "iff_") ("ifnone"
"ifnone_") ("ignore_bins" "ignore_bins_") ("illegal_bins" "illegal_bins_")
("implements" "implements_") ("implies" "implies_") ("import" "import_")
("incdir" "incdir_") ("include" "include_") ("initial" "initial_") ("inout"
"inout_") ("input" "input_") ("inside" "inside_") ("instance" "instance_")
("int" "int_") ("integer" "integer_") ("interconnect" "interconnect_")
("interface" "interface_") ("intersect" "intersect_") ("join" "join_")
("join_any" "join_any_") ("join_none" "join_none_") ("large" "large_") ("let"
"let_") ("liblist" "liblist_") ("library" "library_") ("local" "local_")
("localparam" "localparam_") ("logic" "logic_") ("longint" "longint_")
("macromodule" "macromodule_") ("matches" "matches_") ("medium" "medium_")
("modport" "modport_") ("module" "module_") ("nand" "nand_") ("negedge"
"negedge_") ("nettype" "nettype_") ("new" "new_") ("nexttime" "nexttime_")
("nmos" "nmos_") ("nor" "nor_") ("noshowcancelled" "noshowcancelled_") ("not"
"not_") ("notif0" "notif0_") ("notif1" "notif1_") ("null" "null_") ("or" "or_")
("output" "output_") ("package" "package_") ("packed" "packed_") ("parameter"
"parameter_") ("pmos" "pmos_") ("posedge" "posedge_") ("primitive" "primitive_")
("priority" "priority_") ("program" "program_") ("property" "property_")
("protected" "protected_") ("pull0" "pull0_") ("pull1" "pull1_") ("pulldown"
"pulldown_") ("pullup" "pullup_") ("pulsestyle_ondetect" "pulsestyle_ondetect_")
("pulsestyle_onevent" "pulsestyle_onevent_") ("pure" "pure_") ("rand" "rand_")
("randc" "randc_") ("randcase" "randcase_") ("randsequence" "randsequence_")
("rcmos" "rcmos_") ("real" "real_") ("realtime" "realtime_") ("ref" "ref_")
("reg" "reg_") ("reject_on" "reject_on_") ("release" "release_") ("repeat"
"repeat_") ("restrict" "restrict_") ("return" "return_") ("rnmos" "rnmos_")
("rpmos" "rpmos_") ("rtran" "rtran_") ("rtranif0" "rtranif0_") ("rtranif1"
"rtranif1_") ("s_always" "s_always_") ("s_eventually" "s_eventually_")
("s_nexttime" "s_nexttime_") ("s_until" "s_until_") ("s_until_with"
"s_until_with_") ("scalared" "scalared_") ("sequence" "sequence_") ("shortint"
"shortint_") ("shortreal" "shortreal_") ("showcancelled" "showcancelled_")
("signed" "signed_") ("small" "small_") ("soft" "soft_") ("solve" "solve_")
("specify" "specify_") ("specparam" "specparam_") ("static" "static_") ("string"
"string_") ("strong" "strong_") ("strong0" "strong0_") ("strong1" "strong1_")
("struct" "struct_") ("super" "super_") ("supply0" "supply0_") ("supply1"
"supply1_") ("sync_accept_on" "sync_accept_on_") ("sync_reject_on"
"sync_reject_on_") ("table" "table_") ("tagged" "tagged_") ("task" "task_")
("this" "this_") ("throughout" "throughout_") ("time" "time_") ("timeprecision"
"timeprecision_") ("timeunit" "timeunit_") ("tran" "tran_") ("tranif0"
"tranif0_") ("tranif1" "tranif1_") ("tri" "tri_") ("tri0" "tri0_") ("tri1"
"tri1_") ("triand" "triand_") ("trior" "trior_") ("trireg" "trireg_") ("type"
"type_") ("typedef" "typedef_") ("union" "union_") ("unique" "unique_")
("unique0" "unique0_") ("unsigned" "unsigned_") ("until" "until_") ("until_with"
"until_with_") ("untyped" "untyped_") ("use" "use_") ("uwire" "uwire_") ("var"
"var_") ("vectored" "vectored_") ("virtual" "virtual_") ("void" "void_") ("wait"
"wait_") ("wait_order" "wait_order_") ("wand" "wand_") ("weak" "weak_") ("weak0"
"weak0_") ("weak1" "weak1_") ("while" "while_") ("wildcard" "wildcard_") ("wire"
"wire_") ("with" "with_") ("within" "within_") ("wor" "wor_") ("xnor" "xnor_")
("xor" "xor_")) .
si: simSetDef().... hnlInvalidNetNames is initialized to (("accept_on"
"accept_on_") ("alias" "alias_") ("always" "always_") ("always_comb"
"always_comb_") ("always_ff" "always_ff_") ("always_latch" "always_latch_")
("and" "and_") ("assert" "assert_") ("assign" "assign_") ("assume" "assume_")
("automatic" "automatic_") ("before" "before_") ("begin" "begin_") ("bind"
"bind_") ("bins" "bins_") ("binsof" "binsof_") ("bit" "bit_") ("break" "break_")
("buf" "buf_") ("bufif0" "bufif0_") ("bufif1" "bufif1_") ("byte" "byte_")
("case" "case_") ("casex" "casex_") ("casez" "casez_") ("cell" "cell_")
("chandle" "chandle_") ("checker" "checker_") ("class" "class_") ("clocking"
"clocking_") ("cmos" "cmos_") ("config" "config_") ("const" "const_")
("constraint" "constraint_") ("context" "context_") ("continue" "continue_")
("cover" "cover_") ("covergroup" "covergroup_") ("coverpoint" "coverpoint_")
("cross" "cross_") ("deassign" "deassign_") ("default" "default_") ("defparam"
"defparam_") ("design" "design_") ("disable" "disable_") ("dist" "dist_") ("do"
"do_") ("edge" "edge_") ("else" "else_") ("end" "end_") ("endcase" "endcase_")
("endchecker" "endchecker_") ("endclass" "endclass_") ("endclocking"
"endclocking_") ("endconfig" "endconfig_") ("endfunction" "endfunction_")
("endgenerate" "endgenerate_") ("endgroup" "endgroup_") ("endinterface"
"endinterface_") ("endmodule" "endmodule_") ("endpackage" "endpackage_")
("endprimitive" "endprimitive_") ("endprogram" "endprogram_") ("endproperty"
"endproperty_") ("endspecify" "endspecify_") ("endsequence" "endsequence_")
("endtable" "endtable_") ("endtask" "endtask_") ("enum" "enum_") ("event"
"event_") ("eventually" "eventually_") ("expect" "expect_") ("export" "export_")
("extends" "extends_") ("extern" "extern_") ("final" "final_") ("first_match"
"first_match_") ("for" "for_") ("force" "force_") ("foreach" "foreach_")
("forever" "forever_") ("fork" "fork_") ("forkjoin" "forkjoin_") ("function"
"function_") ("generate" "generate_") ("genvar" "genvar_") ("global" "global_")
("highz0" "highz0_") ("highz1" "highz1_") ("if" "if_") ("iff" "iff_") ("ifnone"
"ifnone_") ("ignore_bins" "ignore_bins_") ("illegal_bins" "illegal_bins_")
("implements" "implements_") ("implies" "implies_") ("import" "import_")
("incdir" "incdir_") ("include" "include_") ("initial" "initial_") ("inout"
"inout_") ("input" "input_") ("inside" "inside_") ("instance" "instance_")
("int" "int_") ("integer" "integer_") ("interconnect" "interconnect_")
("interface" "interface_") ("intersect" "intersect_") ("join" "join_")
("join_any" "join_any_") ("join_none" "join_none_") ("large" "large_") ("let"
"let_") ("liblist" "liblist_") ("library" "library_") ("local" "local_")
("localparam" "localparam_") ("logic" "logic_") ("longint" "longint_")
("macromodule" "macromodule_") ("matches" "matches_") ("medium" "medium_")
("modport" "modport_") ("module" "module_") ("nand" "nand_") ("negedge"
"negedge_") ("nettype" "nettype_") ("new" "new_") ("nexttime" "nexttime_")
("nmos" "nmos_") ("nor" "nor_") ("noshowcancelled" "noshowcancelled_") ("not"
"not_") ("notif0" "notif0_") ("notif1" "notif1_") ("null" "null_") ("or" "or_")
("output" "output_") ("package" "package_") ("packed" "packed_") ("parameter"
"parameter_") ("pmos" "pmos_") ("posedge" "posedge_") ("primitive" "primitive_")
("priority" "priority_") ("program" "program_") ("property" "property_")
("protected" "protected_") ("pull0" "pull0_") ("pull1" "pull1_") ("pulldown"
"pulldown_") ("pullup" "pullup_") ("pulsestyle_ondetect" "pulsestyle_ondetect_")
("pulsestyle_onevent" "pulsestyle_onevent_") ("pure" "pure_") ("rand" "rand_")
("randc" "randc_") ("randcase" "randcase_") ("randsequence" "randsequence_")
("rcmos" "rcmos_") ("real" "real_") ("realtime" "realtime_") ("ref" "ref_")
("reg" "reg_") ("reject_on" "reject_on_") ("release" "release_") ("repeat"
"repeat_") ("restrict" "restrict_") ("return" "return_") ("rnmos" "rnmos_")
("rpmos" "rpmos_") ("rtran" "rtran_") ("rtranif0" "rtranif0_") ("rtranif1"
"rtranif1_") ("s_always" "s_always_") ("s_eventually" "s_eventually_")
("s_nexttime" "s_nexttime_") ("s_until" "s_until_") ("s_until_with"
"s_until_with_") ("scalared" "scalared_") ("sequence" "sequence_") ("shortint"
"shortint_") ("shortreal" "shortreal_") ("showcancelled" "showcancelled_")
("signed" "signed_") ("small" "small_") ("soft" "soft_") ("solve" "solve_")
("specify" "specify_") ("specparam" "specparam_") ("static" "static_") ("string"
"string_") ("strong" "strong_") ("strong0" "strong0_") ("strong1" "strong1_")
("struct" "struct_") ("super" "super_") ("supply0" "supply0_") ("supply1"
"supply1_") ("sync_accept_on" "sync_accept_on_") ("sync_reject_on"
"sync_reject_on_") ("table" "table_") ("tagged" "tagged_") ("task" "task_")
("this" "this_") ("throughout" "throughout_") ("time" "time_") ("timeprecision"
"timeprecision_") ("timeunit" "timeunit_") ("tran" "tran_") ("tranif0"
"tranif0_") ("tranif1" "tranif1_") ("tri" "tri_") ("tri0" "tri0_") ("tri1"
"tri1_") ("triand" "triand_") ("trior" "trior_") ("trireg" "trireg_") ("type"
"type_") ("typedef" "typedef_") ("union" "union_") ("unique" "unique_")
("unique0" "unique0_") ("unsigned" "unsigned_") ("until" "until_") ("until_with"
"until_with_") ("untyped" "untyped_") ("use" "use_") ("uwire" "uwire_") ("var"
"var_") ("vectored" "vectored_") ("virtual" "virtual_") ("void" "void_") ("wait"
"wait_") ("wait_order" "wait_order_") ("wand" "wand_") ("weak" "weak_") ("weak0"
"weak0_") ("weak1" "weak1_") ("while" "while_") ("wildcard" "wildcard_") ("wire"
"wire_") ("with" "with_") ("within" "within_") ("wor" "wor_") ("xnor" "xnor_")
("xor" "xor_")) .
si: simSetDef().... hnlInvalidInstNames is initialized to (("accept_on"
"accept_on_") ("alias" "alias_") ("always" "always_") ("always_comb"
"always_comb_") ("always_ff" "always_ff_") ("always_latch" "always_latch_")
("and" "and_") ("assert" "assert_") ("assign" "assign_") ("assume" "assume_")
("automatic" "automatic_") ("before" "before_") ("begin" "begin_") ("bind"
"bind_") ("bins" "bins_") ("binsof" "binsof_") ("bit" "bit_") ("break" "break_")
("buf" "buf_") ("bufif0" "bufif0_") ("bufif1" "bufif1_") ("byte" "byte_")
("case" "case_") ("casex" "casex_") ("casez" "casez_") ("cell" "cell_")
("chandle" "chandle_") ("checker" "checker_") ("class" "class_") ("clocking"
"clocking_") ("cmos" "cmos_") ("config" "config_") ("const" "const_")
("constraint" "constraint_") ("context" "context_") ("continue" "continue_")
("cover" "cover_") ("covergroup" "covergroup_") ("coverpoint" "coverpoint_")
("cross" "cross_") ("deassign" "deassign_") ("default" "default_") ("defparam"
"defparam_") ("design" "design_") ("disable" "disable_") ("dist" "dist_") ("do"
"do_") ("edge" "edge_") ("else" "else_") ("end" "end_") ("endcase" "endcase_")
("endchecker" "endchecker_") ("endclass" "endclass_") ("endclocking"
"endclocking_") ("endconfig" "endconfig_") ("endfunction" "endfunction_")
("endgenerate" "endgenerate_") ("endgroup" "endgroup_") ("endinterface"
"endinterface_") ("endmodule" "endmodule_") ("endpackage" "endpackage_")
("endprimitive" "endprimitive_") ("endprogram" "endprogram_") ("endproperty"
"endproperty_") ("endspecify" "endspecify_") ("endsequence" "endsequence_")
("endtable" "endtable_") ("endtask" "endtask_") ("enum" "enum_") ("event"
"event_") ("eventually" "eventually_") ("expect" "expect_") ("export" "export_")
("extends" "extends_") ("extern" "extern_") ("final" "final_") ("first_match"
"first_match_") ("for" "for_") ("force" "force_") ("foreach" "foreach_")
("forever" "forever_") ("fork" "fork_") ("forkjoin" "forkjoin_") ("function"
"function_") ("generate" "generate_") ("genvar" "genvar_") ("global" "global_")
("highz0" "highz0_") ("highz1" "highz1_") ("if" "if_") ("iff" "iff_") ("ifnone"
"ifnone_") ("ignore_bins" "ignore_bins_") ("illegal_bins" "illegal_bins_")
("implements" "implements_") ("implies" "implies_") ("import" "import_")
("incdir" "incdir_") ("include" "include_") ("initial" "initial_") ("inout"
"inout_") ("input" "input_") ("inside" "inside_") ("instance" "instance_")
("int" "int_") ("integer" "integer_") ("interconnect" "interconnect_")
("interface" "interface_") ("intersect" "intersect_") ("join" "join_")
("join_any" "join_any_") ("join_none" "join_none_") ("large" "large_") ("let"
"let_") ("liblist" "liblist_") ("library" "library_") ("local" "local_")
("localparam" "localparam_") ("logic" "logic_") ("longint" "longint_")
("macromodule" "macromodule_") ("matches" "matches_") ("medium" "medium_")
("modport" "modport_") ("module" "module_") ("nand" "nand_") ("negedge"
"negedge_") ("nettype" "nettype_") ("new" "new_") ("nexttime" "nexttime_")
("nmos" "nmos_") ("nor" "nor_") ("noshowcancelled" "noshowcancelled_") ("not"
"not_") ("notif0" "notif0_") ("notif1" "notif1_") ("null" "null_") ("or" "or_")
("output" "output_") ("package" "package_") ("packed" "packed_") ("parameter"
"parameter_") ("pmos" "pmos_") ("posedge" "posedge_") ("primitive" "primitive_")
("priority" "priority_") ("program" "program_") ("property" "property_")
("protected" "protected_") ("pull0" "pull0_") ("pull1" "pull1_") ("pulldown"
"pulldown_") ("pullup" "pullup_") ("pulsestyle_ondetect" "pulsestyle_ondetect_")
("pulsestyle_onevent" "pulsestyle_onevent_") ("pure" "pure_") ("rand" "rand_")
("randc" "randc_") ("randcase" "randcase_") ("randsequence" "randsequence_")
("rcmos" "rcmos_") ("real" "real_") ("realtime" "realtime_") ("ref" "ref_")
("reg" "reg_") ("reject_on" "reject_on_") ("release" "release_") ("repeat"
"repeat_") ("restrict" "restrict_") ("return" "return_") ("rnmos" "rnmos_")
("rpmos" "rpmos_") ("rtran" "rtran_") ("rtranif0" "rtranif0_") ("rtranif1"
"rtranif1_") ("s_always" "s_always_") ("s_eventually" "s_eventually_")
("s_nexttime" "s_nexttime_") ("s_until" "s_until_") ("s_until_with"
"s_until_with_") ("scalared" "scalared_") ("sequence" "sequence_") ("shortint"
"shortint_") ("shortreal" "shortreal_") ("showcancelled" "showcancelled_")
("signed" "signed_") ("small" "small_") ("soft" "soft_") ("solve" "solve_")
("specify" "specify_") ("specparam" "specparam_") ("static" "static_") ("string"
"string_") ("strong" "strong_") ("strong0" "strong0_") ("strong1" "strong1_")
("struct" "struct_") ("super" "super_") ("supply0" "supply0_") ("supply1"
"supply1_") ("sync_accept_on" "sync_accept_on_") ("sync_reject_on"
"sync_reject_on_") ("table" "table_") ("tagged" "tagged_") ("task" "task_")
("this" "this_") ("throughout" "throughout_") ("time" "time_") ("timeprecision"
"timeprecision_") ("timeunit" "timeunit_") ("tran" "tran_") ("tranif0"
"tranif0_") ("tranif1" "tranif1_") ("tri" "tri_") ("tri0" "tri0_") ("tri1"
"tri1_") ("triand" "triand_") ("trior" "trior_") ("trireg" "trireg_") ("type"
"type_") ("typedef" "typedef_") ("union" "union_") ("unique" "unique_")
("unique0" "unique0_") ("unsigned" "unsigned_") ("until" "until_") ("until_with"
"until_with_") ("untyped" "untyped_") ("use" "use_") ("uwire" "uwire_") ("var"
"var_") ("vectored" "vectored_") ("virtual" "virtual_") ("void" "void_") ("wait"
"wait_") ("wait_order" "wait_order_") ("wand" "wand_") ("weak" "weak_") ("weak0"
"weak0_") ("weak1" "weak1_") ("while" "while_") ("wildcard" "wildcard_") ("wire"
"wire_") ("with" "with_") ("within" "within_") ("wor" "wor_") ("xnor" "xnor_")
("xor" "xor_")) .
si: simSetDef().... hnlInvalidTermNames is initialized to (("accept_on"
"accept_on_") ("alias" "alias_") ("always" "always_") ("always_comb"
"always_comb_") ("always_ff" "always_ff_") ("always_latch" "always_latch_")
("and" "and_") ("assert" "assert_") ("assign" "assign_") ("assume" "assume_")
("automatic" "automatic_") ("before" "before_") ("begin" "begin_") ("bind"
"bind_") ("bins" "bins_") ("binsof" "binsof_") ("bit" "bit_") ("break" "break_")
("buf" "buf_") ("bufif0" "bufif0_") ("bufif1" "bufif1_") ("byte" "byte_")
("case" "case_") ("casex" "casex_") ("casez" "casez_") ("cell" "cell_")
("chandle" "chandle_") ("checker" "checker_") ("class" "class_") ("clocking"
"clocking_") ("cmos" "cmos_") ("config" "config_") ("const" "const_")
("constraint" "constraint_") ("context" "context_") ("continue" "continue_")
("cover" "cover_") ("covergroup" "covergroup_") ("coverpoint" "coverpoint_")
("cross" "cross_") ("deassign" "deassign_") ("default" "default_") ("defparam"
"defparam_") ("design" "design_") ("disable" "disable_") ("dist" "dist_") ("do"
"do_") ("edge" "edge_") ("else" "else_") ("end" "end_") ("endcase" "endcase_")
("endchecker" "endchecker_") ("endclass" "endclass_") ("endclocking"
"endclocking_") ("endconfig" "endconfig_") ("endfunction" "endfunction_")
("endgenerate" "endgenerate_") ("endgroup" "endgroup_") ("endinterface"
"endinterface_") ("endmodule" "endmodule_") ("endpackage" "endpackage_")
("endprimitive" "endprimitive_") ("endprogram" "endprogram_") ("endproperty"
"endproperty_") ("endspecify" "endspecify_") ("endsequence" "endsequence_")
("endtable" "endtable_") ("endtask" "endtask_") ("enum" "enum_") ("event"
"event_") ("eventually" "eventually_") ("expect" "expect_") ("export" "export_")
("extends" "extends_") ("extern" "extern_") ("final" "final_") ("first_match"
"first_match_") ("for" "for_") ("force" "force_") ("foreach" "foreach_")
("forever" "forever_") ("fork" "fork_") ("forkjoin" "forkjoin_") ("function"
"function_") ("generate" "generate_") ("genvar" "genvar_") ("global" "global_")
("highz0" "highz0_") ("highz1" "highz1_") ("if" "if_") ("iff" "iff_") ("ifnone"
"ifnone_") ("ignore_bins" "ignore_bins_") ("illegal_bins" "illegal_bins_")
("implements" "implements_") ("implies" "implies_") ("import" "import_")
("incdir" "incdir_") ("include" "include_") ("initial" "initial_") ("inout"
"inout_") ("input" "input_") ("inside" "inside_") ("instance" "instance_")
("int" "int_") ("integer" "integer_") ("interconnect" "interconnect_")
("interface" "interface_") ("intersect" "intersect_") ("join" "join_")
("join_any" "join_any_") ("join_none" "join_none_") ("large" "large_") ("let"
"let_") ("liblist" "liblist_") ("library" "library_") ("local" "local_")
("localparam" "localparam_") ("logic" "logic_") ("longint" "longint_")
("macromodule" "macromodule_") ("matches" "matches_") ("medium" "medium_")
("modport" "modport_") ("module" "module_") ("nand" "nand_") ("negedge"
"negedge_") ("nettype" "nettype_") ("new" "new_") ("nexttime" "nexttime_")
("nmos" "nmos_") ("nor" "nor_") ("noshowcancelled" "noshowcancelled_") ("not"
"not_") ("notif0" "notif0_") ("notif1" "notif1_") ("null" "null_") ("or" "or_")
("output" "output_") ("package" "package_") ("packed" "packed_") ("parameter"
"parameter_") ("pmos" "pmos_") ("posedge" "posedge_") ("primitive" "primitive_")
("priority" "priority_") ("program" "program_") ("property" "property_")
("protected" "protected_") ("pull0" "pull0_") ("pull1" "pull1_") ("pulldown"
"pulldown_") ("pullup" "pullup_") ("pulsestyle_ondetect" "pulsestyle_ondetect_")
("pulsestyle_onevent" "pulsestyle_onevent_") ("pure" "pure_") ("rand" "rand_")
("randc" "randc_") ("randcase" "randcase_") ("randsequence" "randsequence_")
("rcmos" "rcmos_") ("real" "real_") ("realtime" "realtime_") ("ref" "ref_")
("reg" "reg_") ("reject_on" "reject_on_") ("release" "release_") ("repeat"
"repeat_") ("restrict" "restrict_") ("return" "return_") ("rnmos" "rnmos_")
("rpmos" "rpmos_") ("rtran" "rtran_") ("rtranif0" "rtranif0_") ("rtranif1"
"rtranif1_") ("s_always" "s_always_") ("s_eventually" "s_eventually_")
("s_nexttime" "s_nexttime_") ("s_until" "s_until_") ("s_until_with"
"s_until_with_") ("scalared" "scalared_") ("sequence" "sequence_") ("shortint"
"shortint_") ("shortreal" "shortreal_") ("showcancelled" "showcancelled_")
("signed" "signed_") ("small" "small_") ("soft" "soft_") ("solve" "solve_")
("specify" "specify_") ("specparam" "specparam_") ("static" "static_") ("string"
"string_") ("strong" "strong_") ("strong0" "strong0_") ("strong1" "strong1_")
("struct" "struct_") ("super" "super_") ("supply0" "supply0_") ("supply1"
"supply1_") ("sync_accept_on" "sync_accept_on_") ("sync_reject_on"
"sync_reject_on_") ("table" "table_") ("tagged" "tagged_") ("task" "task_")
("this" "this_") ("throughout" "throughout_") ("time" "time_") ("timeprecision"
"timeprecision_") ("timeunit" "timeunit_") ("tran" "tran_") ("tranif0"
"tranif0_") ("tranif1" "tranif1_") ("tri" "tri_") ("tri0" "tri0_") ("tri1"
"tri1_") ("triand" "triand_") ("trior" "trior_") ("trireg" "trireg_") ("type"
"type_") ("typedef" "typedef_") ("union" "union_") ("unique" "unique_")
("unique0" "unique0_") ("unsigned" "unsigned_") ("until" "until_") ("until_with"
"until_with_") ("untyped" "untyped_") ("use" "use_") ("uwire" "uwire_") ("var"
"var_") ("vectored" "vectored_") ("virtual" "virtual_") ("void" "void_") ("wait"
"wait_") ("wait_order" "wait_order_") ("wand" "wand_") ("weak" "weak_") ("weak0"
"weak0_") ("weak1" "weak1_") ("while" "while_") ("wildcard" "wildcard_") ("wire"
"wire_") ("with" "with_") ("within" "within_") ("wor" "wor_") ("xnor" "xnor_")
("xor" "xor_")) .
si: simSetDef().... hnlInvalidModelNames is initialized to (("accept_on"
"accept_on_") ("alias" "alias_") ("always" "always_") ("always_comb"
"always_comb_") ("always_ff" "always_ff_") ("always_latch" "always_latch_")
("and" "and_") ("assert" "assert_") ("assign" "assign_") ("assume" "assume_")
("automatic" "automatic_") ("before" "before_") ("begin" "begin_") ("bind"
"bind_") ("bins" "bins_") ("binsof" "binsof_") ("bit" "bit_") ("break" "break_")
("buf" "buf_") ("bufif0" "bufif0_") ("bufif1" "bufif1_") ("byte" "byte_")
("case" "case_") ("casex" "casex_") ("casez" "casez_") ("cell" "cell_")
("chandle" "chandle_") ("checker" "checker_") ("class" "class_") ("clocking"
"clocking_") ("cmos" "cmos_") ("config" "config_") ("const" "const_")
("constraint" "constraint_") ("context" "context_") ("continue" "continue_")
("cover" "cover_") ("covergroup" "covergroup_") ("coverpoint" "coverpoint_")
("cross" "cross_") ("deassign" "deassign_") ("default" "default_") ("defparam"
"defparam_") ("design" "design_") ("disable" "disable_") ("dist" "dist_") ("do"
"do_") ("edge" "edge_") ("else" "else_") ("end" "end_") ("endcase" "endcase_")
("endchecker" "endchecker_") ("endclass" "endclass_") ("endclocking"
"endclocking_") ("endconfig" "endconfig_") ("endfunction" "endfunction_")
("endgenerate" "endgenerate_") ("endgroup" "endgroup_") ("endinterface"
"endinterface_") ("endmodule" "endmodule_") ("endpackage" "endpackage_")
("endprimitive" "endprimitive_") ("endprogram" "endprogram_") ("endproperty"
"endproperty_") ("endspecify" "endspecify_") ("endsequence" "endsequence_")
("endtable" "endtable_") ("endtask" "endtask_") ("enum" "enum_") ("event"
"event_") ("eventually" "eventually_") ("expect" "expect_") ("export" "export_")
("extends" "extends_") ("extern" "extern_") ("final" "final_") ("first_match"
"first_match_") ("for" "for_") ("force" "force_") ("foreach" "foreach_")
("forever" "forever_") ("fork" "fork_") ("forkjoin" "forkjoin_") ("function"
"function_") ("generate" "generate_") ("genvar" "genvar_") ("global" "global_")
("highz0" "highz0_") ("highz1" "highz1_") ("if" "if_") ("iff" "iff_") ("ifnone"
"ifnone_") ("ignore_bins" "ignore_bins_") ("illegal_bins" "illegal_bins_")
("implements" "implements_") ("implies" "implies_") ("import" "import_")
("incdir" "incdir_") ("include" "include_") ("initial" "initial_") ("inout"
"inout_") ("input" "input_") ("inside" "inside_") ("instance" "instance_")
("int" "int_") ("integer" "integer_") ("interconnect" "interconnect_")
("interface" "interface_") ("intersect" "intersect_") ("join" "join_")
("join_any" "join_any_") ("join_none" "join_none_") ("large" "large_") ("let"
"let_") ("liblist" "liblist_") ("library" "library_") ("local" "local_")
("localparam" "localparam_") ("logic" "logic_") ("longint" "longint_")
("macromodule" "macromodule_") ("matches" "matches_") ("medium" "medium_")
("modport" "modport_") ("module" "module_") ("nand" "nand_") ("negedge"
"negedge_") ("nettype" "nettype_") ("new" "new_") ("nexttime" "nexttime_")
("nmos" "nmos_") ("nor" "nor_") ("noshowcancelled" "noshowcancelled_") ("not"
"not_") ("notif0" "notif0_") ("notif1" "notif1_") ("null" "null_") ("or" "or_")
("output" "output_") ("package" "package_") ("packed" "packed_") ("parameter"
"parameter_") ("pmos" "pmos_") ("posedge" "posedge_") ("primitive" "primitive_")
("priority" "priority_") ("program" "program_") ("property" "property_")
("protected" "protected_") ("pull0" "pull0_") ("pull1" "pull1_") ("pulldown"
"pulldown_") ("pullup" "pullup_") ("pulsestyle_ondetect" "pulsestyle_ondetect_")
("pulsestyle_onevent" "pulsestyle_onevent_") ("pure" "pure_") ("rand" "rand_")
("randc" "randc_") ("randcase" "randcase_") ("randsequence" "randsequence_")
("rcmos" "rcmos_") ("real" "real_") ("realtime" "realtime_") ("ref" "ref_")
("reg" "reg_") ("reject_on" "reject_on_") ("release" "release_") ("repeat"
"repeat_") ("restrict" "restrict_") ("return" "return_") ("rnmos" "rnmos_")
("rpmos" "rpmos_") ("rtran" "rtran_") ("rtranif0" "rtranif0_") ("rtranif1"
"rtranif1_") ("s_always" "s_always_") ("s_eventually" "s_eventually_")
("s_nexttime" "s_nexttime_") ("s_until" "s_until_") ("s_until_with"
"s_until_with_") ("scalared" "scalared_") ("sequence" "sequence_") ("shortint"
"shortint_") ("shortreal" "shortreal_") ("showcancelled" "showcancelled_")
("signed" "signed_") ("small" "small_") ("soft" "soft_") ("solve" "solve_")
("specify" "specify_") ("specparam" "specparam_") ("static" "static_") ("string"
"string_") ("strong" "strong_") ("strong0" "strong0_") ("strong1" "strong1_")
("struct" "struct_") ("super" "super_") ("supply0" "supply0_") ("supply1"
"supply1_") ("sync_accept_on" "sync_accept_on_") ("sync_reject_on"
"sync_reject_on_") ("table" "table_") ("tagged" "tagged_") ("task" "task_")
("this" "this_") ("throughout" "throughout_") ("time" "time_") ("timeprecision"
"timeprecision_") ("timeunit" "timeunit_") ("tran" "tran_") ("tranif0"
"tranif0_") ("tranif1" "tranif1_") ("tri" "tri_") ("tri0" "tri0_") ("tri1"
"tri1_") ("triand" "triand_") ("trior" "trior_") ("trireg" "trireg_") ("type"
"type_") ("typedef" "typedef_") ("union" "union_") ("unique" "unique_")
("unique0" "unique0_") ("unsigned" "unsigned_") ("until" "until_") ("until_with"
"until_with_") ("untyped" "untyped_") ("use" "use_") ("uwire" "uwire_") ("var"
"var_") ("vectored" "vectored_") ("virtual" "virtual_") ("void" "void_") ("wait"
"wait_") ("wait_order" "wait_order_") ("wand" "wand_") ("weak" "weak_") ("weak0"
"weak0_") ("weak1" "weak1_") ("while" "while_") ("wildcard" "wildcard_") ("wire"
"wire_") ("with" "with_") ("within" "within_") ("wor" "wor_") ("xnor" "xnor_")
("xor" "xor_")) .
si: simSetDef().... hnlInvalidParamNames is initialized to (("accept_on"
"accept_on_") ("alias" "alias_") ("always" "always_") ("always_comb"
"always_comb_") ("always_ff" "always_ff_") ("always_latch" "always_latch_")
("and" "and_") ("assert" "assert_") ("assign" "assign_") ("assume" "assume_")
("automatic" "automatic_") ("before" "before_") ("begin" "begin_") ("bind"
"bind_") ("bins" "bins_") ("binsof" "binsof_") ("bit" "bit_") ("break" "break_")
("buf" "buf_") ("bufif0" "bufif0_") ("bufif1" "bufif1_") ("byte" "byte_")
("case" "case_") ("casex" "casex_") ("casez" "casez_") ("cell" "cell_")
("chandle" "chandle_") ("checker" "checker_") ("class" "class_") ("clocking"
"clocking_") ("cmos" "cmos_") ("config" "config_") ("const" "const_")
("constraint" "constraint_") ("context" "context_") ("continue" "continue_")
("cover" "cover_") ("covergroup" "covergroup_") ("coverpoint" "coverpoint_")
("cross" "cross_") ("deassign" "deassign_") ("default" "default_") ("defparam"
"defparam_") ("design" "design_") ("disable" "disable_") ("dist" "dist_") ("do"
"do_") ("edge" "edge_") ("else" "else_") ("end" "end_") ("endcase" "endcase_")
("endchecker" "endchecker_") ("endclass" "endclass_") ("endclocking"
"endclocking_") ("endconfig" "endconfig_") ("endfunction" "endfunction_")
("endgenerate" "endgenerate_") ("endgroup" "endgroup_") ("endinterface"
"endinterface_") ("endmodule" "endmodule_") ("endpackage" "endpackage_")
("endprimitive" "endprimitive_") ("endprogram" "endprogram_") ("endproperty"
"endproperty_") ("endspecify" "endspecify_") ("endsequence" "endsequence_")
("endtable" "endtable_") ("endtask" "endtask_") ("enum" "enum_") ("event"
"event_") ("eventually" "eventually_") ("expect" "expect_") ("export" "export_")
("extends" "extends_") ("extern" "extern_") ("final" "final_") ("first_match"
"first_match_") ("for" "for_") ("force" "force_") ("foreach" "foreach_")
("forever" "forever_") ("fork" "fork_") ("forkjoin" "forkjoin_") ("function"
"function_") ("generate" "generate_") ("genvar" "genvar_") ("global" "global_")
("highz0" "highz0_") ("highz1" "highz1_") ("if" "if_") ("iff" "iff_") ("ifnone"
"ifnone_") ("ignore_bins" "ignore_bins_") ("illegal_bins" "illegal_bins_")
("implements" "implements_") ("implies" "implies_") ("import" "import_")
("incdir" "incdir_") ("include" "include_") ("initial" "initial_") ("inout"
"inout_") ("input" "input_") ("inside" "inside_") ("instance" "instance_")
("int" "int_") ("integer" "integer_") ("interconnect" "interconnect_")
("interface" "interface_") ("intersect" "intersect_") ("join" "join_")
("join_any" "join_any_") ("join_none" "join_none_") ("large" "large_") ("let"
"let_") ("liblist" "liblist_") ("library" "library_") ("local" "local_")
("localparam" "localparam_") ("logic" "logic_") ("longint" "longint_")
("macromodule" "macromodule_") ("matches" "matches_") ("medium" "medium_")
("modport" "modport_") ("module" "module_") ("nand" "nand_") ("negedge"
"negedge_") ("nettype" "nettype_") ("new" "new_") ("nexttime" "nexttime_")
("nmos" "nmos_") ("nor" "nor_") ("noshowcancelled" "noshowcancelled_") ("not"
"not_") ("notif0" "notif0_") ("notif1" "notif1_") ("null" "null_") ("or" "or_")
("output" "output_") ("package" "package_") ("packed" "packed_") ("parameter"
"parameter_") ("pmos" "pmos_") ("posedge" "posedge_") ("primitive" "primitive_")
("priority" "priority_") ("program" "program_") ("property" "property_")
("protected" "protected_") ("pull0" "pull0_") ("pull1" "pull1_") ("pulldown"
"pulldown_") ("pullup" "pullup_") ("pulsestyle_ondetect" "pulsestyle_ondetect_")
("pulsestyle_onevent" "pulsestyle_onevent_") ("pure" "pure_") ("rand" "rand_")
("randc" "randc_") ("randcase" "randcase_") ("randsequence" "randsequence_")
("rcmos" "rcmos_") ("real" "real_") ("realtime" "realtime_") ("ref" "ref_")
("reg" "reg_") ("reject_on" "reject_on_") ("release" "release_") ("repeat"
"repeat_") ("restrict" "restrict_") ("return" "return_") ("rnmos" "rnmos_")
("rpmos" "rpmos_") ("rtran" "rtran_") ("rtranif0" "rtranif0_") ("rtranif1"
"rtranif1_") ("s_always" "s_always_") ("s_eventually" "s_eventually_")
("s_nexttime" "s_nexttime_") ("s_until" "s_until_") ("s_until_with"
"s_until_with_") ("scalared" "scalared_") ("sequence" "sequence_") ("shortint"
"shortint_") ("shortreal" "shortreal_") ("showcancelled" "showcancelled_")
("signed" "signed_") ("small" "small_") ("soft" "soft_") ("solve" "solve_")
("specify" "specify_") ("specparam" "specparam_") ("static" "static_") ("string"
"string_") ("strong" "strong_") ("strong0" "strong0_") ("strong1" "strong1_")
("struct" "struct_") ("super" "super_") ("supply0" "supply0_") ("supply1"
"supply1_") ("sync_accept_on" "sync_accept_on_") ("sync_reject_on"
"sync_reject_on_") ("table" "table_") ("tagged" "tagged_") ("task" "task_")
("this" "this_") ("throughout" "throughout_") ("time" "time_") ("timeprecision"
"timeprecision_") ("timeunit" "timeunit_") ("tran" "tran_") ("tranif0"
"tranif0_") ("tranif1" "tranif1_") ("tri" "tri_") ("tri0" "tri0_") ("tri1"
"tri1_") ("triand" "triand_") ("trior" "trior_") ("trireg" "trireg_") ("type"
"type_") ("typedef" "typedef_") ("union" "union_") ("unique" "unique_")
("unique0" "unique0_") ("unsigned" "unsigned_") ("until" "until_") ("until_with"
"until_with_") ("untyped" "untyped_") ("use" "use_") ("uwire" "uwire_") ("var"
"var_") ("vectored" "vectored_") ("virtual" "virtual_") ("void" "void_") ("wait"
"wait_") ("wait_order" "wait_order_") ("wand" "wand_") ("weak" "weak_") ("weak0"
"weak0_") ("weak1" "weak1_") ("while" "while_") ("wildcard" "wildcard_") ("wire"
"wire_") ("with" "with_") ("within" "within_") ("wor" "wor_") ("xnor" "xnor_")
("xor" "xor_")) .
si: simSetDef().... hnlSVAllowExternalSVBinding is initialized to t .
si: simSetDef().... hnlSVDefFileExts is initialized to ("sv") .
si: simSetDef().... hnlSVParseExtDataSeverity is initialized to "error" .
si: simSetDef().... hnlSVMaxExtFileErrCount is initialized to 1 .
si: simSetDef().... hnlCapability is initialized to "nil".
si: simSetDef().... hnlBusCapability is initialized to "nil".
INFO (VLOGNET-188): While generating implicit netlist, it is recommended to set
the Terminal SyncUp option on the Netlist Setup form as 'Honor Switch
Master'.
Alternatively, you can set the hnlVerilogTermSyncUp variable as
'honorSM'.
This option automatically resolves any mismatch between the terminals
of an instance and its switch master while generating an implicit netlist.

INFO (VLOGNET-60): The stimulus name mapped table will not be printed in the

"/home/seas/ugrad/tle14/ece468/ota_svrun1/testfixture.sv" file. To print the
stimulus name mapped table, set 
simVerilogPrintStimulusNameMappingTable = t
either in CIW or the .simrc file 
before invoking Verilog netlister.
 
INFO (VLOGNET-62): Database internal net names will be printed for floating
instance ports. To prevent 
them from being printed, set
simVerilogProcessNullPorts = t either in CIW or 
the .simrc file.
 
INFO (VLOGNET-64): All cellviews in the design will be printed in the Netlist
Configuration list. 
If you want to print only those cellviews that need to be
re-netlisted in the 
list, set simVerilogIncrementalNetlistConfigList = t either
in CIW or the 
.simrc file.
 
INFO (VLOGNET-66): Module ports will be printed without the port ranges. If you
have split busses 
across module ports you may get an incorrect netlist. To
print module ports 
with the port ranges, set simVerilogDropPortRange = nil
either in CIW or the 
.simrc file.
 
INFO (VLOGNET-68): The initial state of stimulus of all inout pins is set to
"z". To get inout 
pins with initial state of "0", set
hnlVerilogIOInitStimulusStr = "0" 
either in CIW or the .simrc file.
 
INFO (VLOGNET-120): Using connection by order (implicit connections) for all the
stopping cells.

INFO (VLOGNET-197): The 'testfixture.template' file in
'/home/seas/ugrad/tle14/ece468/ota_svrun1' is commented. 
Either edit this file,
or add a new 'testfixture.template' file  in the run directory for simulation.

INFO (VLOGNET-126): ---------- Beginning netlist configuration information
----------


                (incremental data only)

LIB NAME                    CELL NAME                   VIEW NAME           
NOTE             
---------                   ---------                   ---------           
----             

gpdk045                     nmos1v                      symbol              
*Stopping View*  
gpdk045                     pmos1v                      symbol              
*Stopping View*  
analogLib                   cap                         symbol              
*Stopping View*  
analogLib                   res                         symbol              
*Stopping View*  
analogLib                   idc                         symbol              
*Stopping View*  
miniproj                    ota                         schematic               
             

---------- End of netlist configuration information   ----------
INFO (VLOGNET-80): The library 'miniproj', cell 'ota', and view 'schematic' has
been netlisted successfully.

End netlisting Feb 29 13:44:34 2024

Running netlist
Begin Incremental Netlisting Feb 29 13:48:16 2024
si: simSetDef().... hnlCapability is initialized to "nil".
si: simSetDef().... hnlBusCapability is initialized to "nil".
INFO (VLOGNET-188): While generating implicit netlist, it is recommended to set
the Terminal SyncUp option on the Netlist Setup form as 'Honor Switch
Master'.
Alternatively, you can set the hnlVerilogTermSyncUp variable as
'honorSM'.
This option automatically resolves any mismatch between the terminals
of an instance and its switch master while generating an implicit netlist.

INFO (VLOGNET-60): The stimulus name mapped table will not be printed in the

"/home/seas/ugrad/tle14/ece468/ota_svrun1/testfixture.sv" file. To print the
stimulus name mapped table, set 
simVerilogPrintStimulusNameMappingTable = t
either in CIW or the .simrc file 
before invoking Verilog netlister.
 
INFO (VLOGNET-62): Database internal net names will be printed for floating
instance ports. To prevent 
them from being printed, set
simVerilogProcessNullPorts = t either in CIW or 
the .simrc file.
 
INFO (VLOGNET-64): All cellviews in the design will be printed in the Netlist
Configuration list. 
If you want to print only those cellviews that need to be
re-netlisted in the 
list, set simVerilogIncrementalNetlistConfigList = t either
in CIW or the 
.simrc file.
 
INFO (VLOGNET-66): Module ports will be printed without the port ranges. If you
have split busses 
across module ports you may get an incorrect netlist. To
print module ports 
with the port ranges, set simVerilogDropPortRange = nil
either in CIW or the 
.simrc file.
 
INFO (VLOGNET-68): The initial state of stimulus of all inout pins is set to
"z". To get inout 
pins with initial state of "0", set
hnlVerilogIOInitStimulusStr = "0" 
either in CIW or the .simrc file.
 
INFO (VLOGNET-120): Using connection by order (implicit connections) for all the
stopping cells.

INFO (VLOGNET-126): ---------- Beginning netlist configuration information
----------


                (incremental data only)

LIB NAME                    CELL NAME                   VIEW NAME           
NOTE             
---------                   ---------                   ---------           
----             

gpdk045                     nmos1v                      symbol              
*Stopping View*  
gpdk045                     pmos1v                      symbol              
*Stopping View*  
analogLib                   cap                         symbol              
*Stopping View*  
analogLib                   res                         symbol              
*Stopping View*  
analogLib                   idc                         symbol              
*Stopping View*  

---------- End of netlist configuration information   ----------
INFO (VLOGNET-80): The library 'miniproj', cell 'ota', and view 'schematic' has
been netlisted successfully.

End netlisting Feb 29 13:48:17 2024
